<?xml version="1.0" encoding="UTF-8"?>
<!-- Generated by org.testng.reporters.JUnitXMLReporter -->
<testsuite ignored="0" hostname="blaisePC" failures="0" tests="10" name="Surefire test" time="22.363" errors="0" timestamp="2025-07-06T12:31:56 EDT">
  <testcase classname="com.blaiseExample.selenium.tests.LoginPageTest" name="assertPageStructure" time="0.248"/>
  <testcase classname="com.blaiseExample.selenium.tests.LoginPageTest" name="backToHomeTrigger" time="0.801"/>
  <testcase classname="com.blaiseExample.selenium.tests.LoginPageTest" name="forgotPasswordTrigger" time="0.284"/>
  <testcase classname="com.blaiseExample.selenium.tests.LoginPageTest" name="signupTrigger" time="0.479"/>
  <testcase classname="com.blaiseExample.selenium.tests.LoginPageTest" name="testInvalidLogins" time="0.475"/>
  <testcase classname="com.blaiseExample.selenium.tests.LoginPageTest" name="testInvalidLogins" time="0.472"/>
  <testcase classname="com.blaiseExample.selenium.tests.LoginPageTest" name="testInvalidLogins" time="0.475"/>
  <testcase classname="com.blaiseExample.selenium.tests.LoginPageTest" name="testInvalidLogins" time="0.478"/>
  <testcase classname="com.blaiseExample.selenium.tests.LoginPageTest" name="testInvalidLogins" time="0.463"/>
  <testcase classname="com.blaiseExample.selenium.tests.LoginPageTest" name="validLogin" time="1.141"/>
</testsuite> <!-- Surefire test -->
