<?xml version="1.0" encoding="UTF-8"?>
<testng-results ignored="0" total="10" passed="10" failed="0" skipped="0">
  <reporter-output>
  </reporter-output>
  <suite started-at="2025-07-06T12:31:34 EDT" name="Surefire suite" finished-at="2025-07-06T12:31:56 EDT" duration-ms="22363">
    <groups>
    </groups>
    <test started-at="2025-07-06T12:31:34 EDT" name="Surefire test" finished-at="2025-07-06T12:31:56 EDT" duration-ms="22363">
      <class name="com.blaiseExample.selenium.tests.LoginPageTest">
        <test-method is-config="true" signature="setupTests()[pri:0, instance:com.blaiseExample.selenium.tests.LoginPageTest@6574a52c]" started-at="2025-07-06T12:31:34 EDT" name="setupTests" finished-at="2025-07-06T12:31:35 EDT" duration-ms="1510" status="PASS">
          <reporter-output>
          </reporter-output>
        </test-method> <!-- setupTests -->
        <test-method is-config="true" signature="loadTarget()[pri:0, instance:com.blaiseExample.selenium.tests.LoginPageTest@6574a52c]" started-at="2025-07-06T12:31:35 EDT" name="loadTarget" finished-at="2025-07-06T12:31:36 EDT" duration-ms="516" status="PASS">
          <reporter-output>
          </reporter-output>
        </test-method> <!-- loadTarget -->
        <test-method signature="assertPageStructure()[pri:0, instance:com.blaiseExample.selenium.tests.LoginPageTest@6574a52c]" started-at="2025-07-06T12:31:36 EDT" name="assertPageStructure" finished-at="2025-07-06T12:31:36 EDT" duration-ms="248" status="PASS">
          <reporter-output>
          </reporter-output>
        </test-method> <!-- assertPageStructure -->
        <test-method is-config="true" signature="teardownTests()[pri:0, instance:com.blaiseExample.selenium.tests.LoginPageTest@6574a52c]" started-at="2025-07-06T12:31:36 EDT" name="teardownTests" finished-at="2025-07-06T12:31:36 EDT" duration-ms="128" status="PASS">
          <reporter-output>
          </reporter-output>
        </test-method> <!-- teardownTests -->
        <test-method is-config="true" signature="setupTests()[pri:0, instance:com.blaiseExample.selenium.tests.LoginPageTest@6574a52c]" started-at="2025-07-06T12:31:36 EDT" name="setupTests" finished-at="2025-07-06T12:31:37 EDT" duration-ms="691" status="PASS">
          <reporter-output>
          </reporter-output>
        </test-method> <!-- setupTests -->
        <test-method is-config="true" signature="loadTarget()[pri:0, instance:com.blaiseExample.selenium.tests.LoginPageTest@6574a52c]" started-at="2025-07-06T12:31:37 EDT" name="loadTarget" finished-at="2025-07-06T12:31:39 EDT" duration-ms="1867" status="PASS">
          <reporter-output>
          </reporter-output>
        </test-method> <!-- loadTarget -->
        <test-method signature="backToHomeTrigger()[pri:0, instance:com.blaiseExample.selenium.tests.LoginPageTest@6574a52c]" started-at="2025-07-06T12:31:39 EDT" name="backToHomeTrigger" finished-at="2025-07-06T12:31:39 EDT" duration-ms="801" status="PASS">
          <reporter-output>
          </reporter-output>
        </test-method> <!-- backToHomeTrigger -->
        <test-method is-config="true" signature="teardownTests()[pri:0, instance:com.blaiseExample.selenium.tests.LoginPageTest@6574a52c]" started-at="2025-07-06T12:31:39 EDT" name="teardownTests" finished-at="2025-07-06T12:31:40 EDT" duration-ms="147" status="PASS">
          <reporter-output>
          </reporter-output>
        </test-method> <!-- teardownTests -->
        <test-method is-config="true" signature="setupTests()[pri:0, instance:com.blaiseExample.selenium.tests.LoginPageTest@6574a52c]" started-at="2025-07-06T12:31:40 EDT" name="setupTests" finished-at="2025-07-06T12:31:40 EDT" duration-ms="715" status="PASS">
          <reporter-output>
          </reporter-output>
        </test-method> <!-- setupTests -->
        <test-method is-config="true" signature="loadTarget()[pri:0, instance:com.blaiseExample.selenium.tests.LoginPageTest@6574a52c]" started-at="2025-07-06T12:31:40 EDT" name="loadTarget" finished-at="2025-07-06T12:31:42 EDT" duration-ms="1672" status="PASS">
          <reporter-output>
          </reporter-output>
        </test-method> <!-- loadTarget -->
        <test-method signature="forgotPasswordTrigger()[pri:0, instance:com.blaiseExample.selenium.tests.LoginPageTest@6574a52c]" started-at="2025-07-06T12:31:42 EDT" name="forgotPasswordTrigger" finished-at="2025-07-06T12:31:42 EDT" duration-ms="284" status="PASS">
          <reporter-output>
          </reporter-output>
        </test-method> <!-- forgotPasswordTrigger -->
        <test-method is-config="true" signature="teardownTests()[pri:0, instance:com.blaiseExample.selenium.tests.LoginPageTest@6574a52c]" started-at="2025-07-06T12:31:42 EDT" name="teardownTests" finished-at="2025-07-06T12:31:42 EDT" duration-ms="127" status="PASS">
          <reporter-output>
          </reporter-output>
        </test-method> <!-- teardownTests -->
        <test-method is-config="true" signature="setupTests()[pri:0, instance:com.blaiseExample.selenium.tests.LoginPageTest@6574a52c]" started-at="2025-07-06T12:31:42 EDT" name="setupTests" finished-at="2025-07-06T12:31:43 EDT" duration-ms="689" status="PASS">
          <reporter-output>
          </reporter-output>
        </test-method> <!-- setupTests -->
        <test-method is-config="true" signature="loadTarget()[pri:0, instance:com.blaiseExample.selenium.tests.LoginPageTest@6574a52c]" started-at="2025-07-06T12:31:43 EDT" name="loadTarget" finished-at="2025-07-06T12:31:44 EDT" duration-ms="660" status="PASS">
          <reporter-output>
          </reporter-output>
        </test-method> <!-- loadTarget -->
        <test-method signature="signupTrigger()[pri:0, instance:com.blaiseExample.selenium.tests.LoginPageTest@6574a52c]" started-at="2025-07-06T12:31:44 EDT" name="signupTrigger" finished-at="2025-07-06T12:31:44 EDT" duration-ms="479" status="PASS">
          <reporter-output>
          </reporter-output>
        </test-method> <!-- signupTrigger -->
        <test-method is-config="true" signature="teardownTests()[pri:0, instance:com.blaiseExample.selenium.tests.LoginPageTest@6574a52c]" started-at="2025-07-06T12:31:44 EDT" name="teardownTests" finished-at="2025-07-06T12:31:44 EDT" duration-ms="127" status="PASS">
          <reporter-output>
          </reporter-output>
        </test-method> <!-- teardownTests -->
        <test-method is-config="true" signature="setupTests()[pri:0, instance:com.blaiseExample.selenium.tests.LoginPageTest@6574a52c]" started-at="2025-07-06T12:31:44 EDT" name="setupTests" finished-at="2025-07-06T12:31:45 EDT" duration-ms="642" status="PASS">
          <reporter-output>
          </reporter-output>
        </test-method> <!-- setupTests -->
        <test-method is-config="true" signature="loadTarget()[pri:0, instance:com.blaiseExample.selenium.tests.LoginPageTest@6574a52c]" started-at="2025-07-06T12:31:45 EDT" name="loadTarget" finished-at="2025-07-06T12:31:46 EDT" duration-ms="531" status="PASS">
          <reporter-output>
          </reporter-output>
        </test-method> <!-- loadTarget -->
        <test-method signature="testInvalidLogins(java.lang.String,java.lang.String)[pri:0, instance:com.blaiseExample.selenium.tests.LoginPageTest@6574a52c]" started-at="2025-07-06T12:31:46 EDT" name="testInvalidLogins" data-provider="invalidLoginConfigs" finished-at="2025-07-06T12:31:46 EDT" duration-ms="475" status="PASS">
          <params>
            <param index="0">
              <value>
                <![CDATA[]]>
              </value>
            </param>
            <param index="1">
              <value>
                <![CDATA[]]>
              </value>
            </param>
          </params>
          <reporter-output>
          </reporter-output>
        </test-method> <!-- testInvalidLogins -->
        <test-method is-config="true" signature="teardownTests()[pri:0, instance:com.blaiseExample.selenium.tests.LoginPageTest@6574a52c]" started-at="2025-07-06T12:31:46 EDT" name="teardownTests" finished-at="2025-07-06T12:31:46 EDT" duration-ms="130" status="PASS">
          <reporter-output>
          </reporter-output>
        </test-method> <!-- teardownTests -->
        <test-method is-config="true" signature="setupTests()[pri:0, instance:com.blaiseExample.selenium.tests.LoginPageTest@6574a52c]" started-at="2025-07-06T12:31:46 EDT" name="setupTests" finished-at="2025-07-06T12:31:47 EDT" duration-ms="687" status="PASS">
          <reporter-output>
          </reporter-output>
        </test-method> <!-- setupTests -->
        <test-method is-config="true" signature="loadTarget()[pri:0, instance:com.blaiseExample.selenium.tests.LoginPageTest@6574a52c]" started-at="2025-07-06T12:31:47 EDT" name="loadTarget" finished-at="2025-07-06T12:31:47 EDT" duration-ms="465" status="PASS">
          <reporter-output>
          </reporter-output>
        </test-method> <!-- loadTarget -->
        <test-method signature="testInvalidLogins(java.lang.String,java.lang.String)[pri:0, instance:com.blaiseExample.selenium.tests.LoginPageTest@6574a52c]" started-at="2025-07-06T12:31:47 EDT" name="testInvalidLogins" data-provider="invalidLoginConfigs" finished-at="2025-07-06T12:31:48 EDT" duration-ms="472" status="PASS">
          <params>
            <param index="0">
              <value>
                <![CDATA[test@qa.com]]>
              </value>
            </param>
            <param index="1">
              <value>
                <![CDATA[]]>
              </value>
            </param>
          </params>
          <reporter-output>
          </reporter-output>
        </test-method> <!-- testInvalidLogins -->
        <test-method is-config="true" signature="teardownTests()[pri:0, instance:com.blaiseExample.selenium.tests.LoginPageTest@6574a52c]" started-at="2025-07-06T12:31:48 EDT" name="teardownTests" finished-at="2025-07-06T12:31:48 EDT" duration-ms="116" status="PASS">
          <reporter-output>
          </reporter-output>
        </test-method> <!-- teardownTests -->
        <test-method is-config="true" signature="setupTests()[pri:0, instance:com.blaiseExample.selenium.tests.LoginPageTest@6574a52c]" started-at="2025-07-06T12:31:48 EDT" name="setupTests" finished-at="2025-07-06T12:31:49 EDT" duration-ms="691" status="PASS">
          <reporter-output>
          </reporter-output>
        </test-method> <!-- setupTests -->
        <test-method is-config="true" signature="loadTarget()[pri:0, instance:com.blaiseExample.selenium.tests.LoginPageTest@6574a52c]" started-at="2025-07-06T12:31:49 EDT" name="loadTarget" finished-at="2025-07-06T12:31:49 EDT" duration-ms="628" status="PASS">
          <reporter-output>
          </reporter-output>
        </test-method> <!-- loadTarget -->
        <test-method signature="testInvalidLogins(java.lang.String,java.lang.String)[pri:0, instance:com.blaiseExample.selenium.tests.LoginPageTest@6574a52c]" started-at="2025-07-06T12:31:49 EDT" name="testInvalidLogins" data-provider="invalidLoginConfigs" finished-at="2025-07-06T12:31:50 EDT" duration-ms="475" status="PASS">
          <params>
            <param index="0">
              <value>
                <![CDATA[]]>
              </value>
            </param>
            <param index="1">
              <value>
                <![CDATA[test123]]>
              </value>
            </param>
          </params>
          <reporter-output>
          </reporter-output>
        </test-method> <!-- testInvalidLogins -->
        <test-method is-config="true" signature="teardownTests()[pri:0, instance:com.blaiseExample.selenium.tests.LoginPageTest@6574a52c]" started-at="2025-07-06T12:31:50 EDT" name="teardownTests" finished-at="2025-07-06T12:31:50 EDT" duration-ms="127" status="PASS">
          <reporter-output>
          </reporter-output>
        </test-method> <!-- teardownTests -->
        <test-method is-config="true" signature="setupTests()[pri:0, instance:com.blaiseExample.selenium.tests.LoginPageTest@6574a52c]" started-at="2025-07-06T12:31:50 EDT" name="setupTests" finished-at="2025-07-06T12:31:50 EDT" duration-ms="646" status="PASS">
          <reporter-output>
          </reporter-output>
        </test-method> <!-- setupTests -->
        <test-method is-config="true" signature="loadTarget()[pri:0, instance:com.blaiseExample.selenium.tests.LoginPageTest@6574a52c]" started-at="2025-07-06T12:31:50 EDT" name="loadTarget" finished-at="2025-07-06T12:31:51 EDT" duration-ms="413" status="PASS">
          <reporter-output>
          </reporter-output>
        </test-method> <!-- loadTarget -->
        <test-method signature="testInvalidLogins(java.lang.String,java.lang.String)[pri:0, instance:com.blaiseExample.selenium.tests.LoginPageTest@6574a52c]" started-at="2025-07-06T12:31:51 EDT" name="testInvalidLogins" data-provider="invalidLoginConfigs" finished-at="2025-07-06T12:31:51 EDT" duration-ms="478" status="PASS">
          <params>
            <param index="0">
              <value>
                <![CDATA[bademail]]>
              </value>
            </param>
            <param index="1">
              <value>
                <![CDATA[test123]]>
              </value>
            </param>
          </params>
          <reporter-output>
          </reporter-output>
        </test-method> <!-- testInvalidLogins -->
        <test-method is-config="true" signature="teardownTests()[pri:0, instance:com.blaiseExample.selenium.tests.LoginPageTest@6574a52c]" started-at="2025-07-06T12:31:51 EDT" name="teardownTests" finished-at="2025-07-06T12:31:52 EDT" duration-ms="119" status="PASS">
          <reporter-output>
          </reporter-output>
        </test-method> <!-- teardownTests -->
        <test-method is-config="true" signature="setupTests()[pri:0, instance:com.blaiseExample.selenium.tests.LoginPageTest@6574a52c]" started-at="2025-07-06T12:31:52 EDT" name="setupTests" finished-at="2025-07-06T12:31:52 EDT" duration-ms="666" status="PASS">
          <reporter-output>
          </reporter-output>
        </test-method> <!-- setupTests -->
        <test-method is-config="true" signature="loadTarget()[pri:0, instance:com.blaiseExample.selenium.tests.LoginPageTest@6574a52c]" started-at="2025-07-06T12:31:52 EDT" name="loadTarget" finished-at="2025-07-06T12:31:53 EDT" duration-ms="695" status="PASS">
          <reporter-output>
          </reporter-output>
        </test-method> <!-- loadTarget -->
        <test-method signature="testInvalidLogins(java.lang.String,java.lang.String)[pri:0, instance:com.blaiseExample.selenium.tests.LoginPageTest@6574a52c]" started-at="2025-07-06T12:31:53 EDT" name="testInvalidLogins" data-provider="invalidLoginConfigs" finished-at="2025-07-06T12:31:53 EDT" duration-ms="463" status="PASS">
          <params>
            <param index="0">
              <value>
                <![CDATA[test@qa.com]]>
              </value>
            </param>
            <param index="1">
              <value>
                <![CDATA[badpassword]]>
              </value>
            </param>
          </params>
          <reporter-output>
          </reporter-output>
        </test-method> <!-- testInvalidLogins -->
        <test-method is-config="true" signature="teardownTests()[pri:0, instance:com.blaiseExample.selenium.tests.LoginPageTest@6574a52c]" started-at="2025-07-06T12:31:53 EDT" name="teardownTests" finished-at="2025-07-06T12:31:53 EDT" duration-ms="119" status="PASS">
          <reporter-output>
          </reporter-output>
        </test-method> <!-- teardownTests -->
        <test-method is-config="true" signature="setupTests()[pri:0, instance:com.blaiseExample.selenium.tests.LoginPageTest@6574a52c]" started-at="2025-07-06T12:31:53 EDT" name="setupTests" finished-at="2025-07-06T12:31:54 EDT" duration-ms="701" status="PASS">
          <reporter-output>
          </reporter-output>
        </test-method> <!-- setupTests -->
        <test-method is-config="true" signature="loadTarget()[pri:0, instance:com.blaiseExample.selenium.tests.LoginPageTest@6574a52c]" started-at="2025-07-06T12:31:54 EDT" name="loadTarget" finished-at="2025-07-06T12:31:55 EDT" duration-ms="510" status="PASS">
          <reporter-output>
          </reporter-output>
        </test-method> <!-- loadTarget -->
        <test-method signature="validLogin()[pri:0, instance:com.blaiseExample.selenium.tests.LoginPageTest@6574a52c]" started-at="2025-07-06T12:31:55 EDT" name="validLogin" finished-at="2025-07-06T12:31:56 EDT" duration-ms="1141" status="PASS">
          <reporter-output>
          </reporter-output>
        </test-method> <!-- validLogin -->
        <test-method is-config="true" signature="teardownTests()[pri:0, instance:com.blaiseExample.selenium.tests.LoginPageTest@6574a52c]" started-at="2025-07-06T12:31:56 EDT" name="teardownTests" finished-at="2025-07-06T12:31:56 EDT" duration-ms="115" status="PASS">
          <reporter-output>
          </reporter-output>
        </test-method> <!-- teardownTests -->
      </class> <!-- com.blaiseExample.selenium.tests.LoginPageTest -->
    </test> <!-- Surefire test -->
  </suite> <!-- Surefire suite -->
</testng-results>
